# JRE version: Java(TM) SE Runtime Environment (8.0_221-b11) (build 1.8.0_221-b11)
# Java VM: Java HotSpot(TM) 64-Bit Server VM (25.221-b11 mixed mode windows-amd64 compressed oops)
Heap:
 PSYoungGen      total 34304K, used 13712K [0x00000000e0700000, 0x00000000e3280000, 0x0000000100000000)
  eden space 24064K, 14% used [0x00000000e0700000,0x00000000e0a67238,0x00000000e1e80000)
  from space 10240K, 99% used [0x00000000e2880000,0x00000000e327cf08,0x00000000e3280000)
  to   space 4096K, 0% used [0x00000000e1f00000,0x00000000e1f00000,0x00000000e2300000)
 ParOldGen       total 38400K, used 9099K [0x00000000a1400000, 0x00000000a3980000, 0x00000000e0700000)
  object space 38400K, 23% used [0x00000000a1400000,0x00000000a1ce2df0,0x00000000a3980000)
 Metaspace       used 27498K, capacity 27942K, committed 28160K, reserved 1077248K
  class space    used 3411K, capacity 3544K, committed 3584K, reserved 1048576K
GC Heap History (10 events):
Event: 26.166 GC heap before
{Heap before GC invocations=3 (full 0):
 PSYoungGen      total 28672K, used 28671K [0x00000000e0700000, 0x00000000e2700000, 0x0000000100000000)
  eden space 24576K, 100% used [0x00000000e0700000,0x00000000e1f00000,0x00000000e1f00000)
  from space 4096K, 99% used [0x00000000e2300000,0x00000000e26ffc68,0x00000000e2700000)
  to   space 4096K, 0% used [0x00000000e1f00000,0x00000000e1f00000,0x00000000e2300000)
 ParOldGen       total 65536K, used 4984K [0x00000000a1400000, 0x00000000a5400000, 0x00000000e0700000)
  object space 65536K, 7% used [0x00000000a1400000,0x00000000a18de2d0,0x00000000a5400000)
 Metaspace       used 18199K, capacity 18554K, committed 18688K, reserved 1064960K
  class space    used 2203K, capacity 2294K, committed 2304K, reserved 1048576K
Event: 26.200 GC heap after
Heap after GC invocations=3 (full 0):
 PSYoungGen      total 28672K, used 4095K [0x00000000e0700000, 0x00000000e2700000, 0x0000000100000000)
  eden space 24576K, 0% used [0x00000000e0700000,0x00000000e0700000,0x00000000e1f00000)
  from space 4096K, 99% used [0x00000000e1f00000,0x00000000e22ffc08,0x00000000e2300000)
  to   space 4096K, 0% used [0x00000000e2300000,0x00000000e2300000,0x00000000e2700000)
 ParOldGen       total 65536K, used 10452K [0x00000000a1400000, 0x00000000a5400000, 0x00000000e0700000)
  object space 65536K, 15% used [0x00000000a1400000,0x00000000a1e35040,0x00000000a5400000)
 Metaspace       used 18199K, capacity 18554K, committed 18688K, reserved 1064960K
  class space    used 2203K, capacity 2294K, committed 2304K, reserved 1048576K
}
Event: 30.531 GC heap before
{Heap before GC invocations=4 (full 0):
 PSYoungGen      total 28672K, used 13489K [0x00000000e0700000, 0x00000000e2700000, 0x0000000100000000)
  eden space 24576K, 38% used [0x00000000e0700000,0x00000000e102c830,0x00000000e1f00000)
  from space 4096K, 99% used [0x00000000e1f00000,0x00000000e22ffc08,0x00000000e2300000)
  to   space 4096K, 0% used [0x00000000e2300000,0x00000000e2300000,0x00000000e2700000)
 ParOldGen       total 65536K, used 10452K [0x00000000a1400000, 0x00000000a5400000, 0x00000000e0700000)
  object space 65536K, 15% used [0x00000000a1400000,0x00000000a1e35040,0x00000000a5400000)
 Metaspace       used 20714K, capacity 21084K, committed 21248K, reserved 1067008K
  class space    used 2531K, capacity 2692K, committed 2816K, reserved 1048576K
Event: 30.551 GC heap after
Heap after GC invocations=4 (full 0):
 PSYoungGen      total 28672K, used 4074K [0x00000000e0700000, 0x00000000e2700000, 0x0000000100000000)
  eden space 24576K, 0% used [0x00000000e0700000,0x00000000e0700000,0x00000000e1f00000)
  from space 4096K, 99% used [0x00000000e2300000,0x00000000e26faaa8,0x00000000e2700000)
  to   space 4096K, 0% used [0x00000000e1f00000,0x00000000e1f00000,0x00000000e2300000)
 ParOldGen       total 65536K, used 12575K [0x00000000a1400000, 0x00000000a5400000, 0x00000000e0700000)
  object space 65536K, 19% used [0x00000000a1400000,0x00000000a2047c70,0x00000000a5400000)
 Metaspace       used 20714K, capacity 21084K, committed 21248K, reserved 1067008K
  class space    used 2531K, capacity 2692K, committed 2816K, reserved 1048576K
}
Event: 30.551 GC heap before
{Heap before GC invocations=5 (full 1):
 PSYoungGen      total 28672K, used 4074K [0x00000000e0700000, 0x00000000e2700000, 0x0000000100000000)
  eden space 24576K, 0% used [0x00000000e0700000,0x00000000e0700000,0x00000000e1f00000)
  from space 4096K, 99% used [0x00000000e2300000,0x00000000e26faaa8,0x00000000e2700000)
  to   space 4096K, 0% used [0x00000000e1f00000,0x00000000e1f00000,0x00000000e2300000)
 ParOldGen       total 65536K, used 12575K [0x00000000a1400000, 0x00000000a5400000, 0x00000000e0700000)
  object space 65536K, 19% used [0x00000000a1400000,0x00000000a2047c70,0x00000000a5400000)
 Metaspace       used 20714K, capacity 21084K, committed 21248K, reserved 1067008K
  class space    used 2531K, capacity 2692K, committed 2816K, reserved 1048576K
Event: 30.668 GC heap after
Heap after GC invocations=5 (full 1):
 PSYoungGen      total 28672K, used 0K [0x00000000e0700000, 0x00000000e2700000, 0x0000000100000000)
  eden space 24576K, 0% used [0x00000000e0700000,0x00000000e0700000,0x00000000e1f00000)
  from space 4096K, 0% used [0x00000000e2300000,0x00000000e2300000,0x00000000e2700000)
  to   space 4096K, 0% used [0x00000000e1f00000,0x00000000e1f00000,0x00000000e2300000)
 ParOldGen       total 38400K, used 7405K [0x00000000a1400000, 0x00000000a3980000, 0x00000000e0700000)
  object space 38400K, 19% used [0x00000000a1400000,0x00000000a1b3b7a0,0x00000000a3980000)
 Metaspace       used 20714K, capacity 21084K, committed 21248K, reserved 1067008K
  class space    used 2531K, capacity 2692K, committed 2816K, reserved 1048576K
}
Event: 40.663 GC heap before
{Heap before GC invocations=6 (full 1):
 PSYoungGen      total 28672K, used 24576K [0x00000000e0700000, 0x00000000e2700000, 0x0000000100000000)
  eden space 24576K, 100% used [0x00000000e0700000,0x00000000e1f00000,0x00000000e1f00000)
  from space 4096K, 0% used [0x00000000e2300000,0x00000000e2300000,0x00000000e2700000)
  to   space 4096K, 0% used [0x00000000e1f00000,0x00000000e1f00000,0x00000000e2300000)
 ParOldGen       total 38400K, used 7405K [0x00000000a1400000, 0x00000000a3980000, 0x00000000e0700000)
  object space 38400K, 19% used [0x00000000a1400000,0x00000000a1b3b7a0,0x00000000a3980000)
 Metaspace       used 22683K, capacity 23148K, committed 23296K, reserved 1069056K
  class space    used 2807K, capacity 2962K, committed 3072K, reserved 1048576K
Event: 40.676 GC heap after
Heap after GC invocations=6 (full 1):
 PSYoungGen      total 28160K, used 4064K [0x00000000e0700000, 0x00000000e3280000, 0x0000000100000000)
  eden space 24064K, 0% used [0x00000000e0700000,0x00000000e0700000,0x00000000e1e80000)
  from space 4096K, 99% used [0x00000000e1f00000,0x00000000e22f83c0,0x00000000e2300000)
  to   space 10240K, 0% used [0x00000000e2880000,0x00000000e2880000,0x00000000e3280000)
 ParOldGen       total 38400K, used 8792K [0x00000000a1400000, 0x00000000a3980000, 0x00000000e0700000)
  object space 38400K, 22% used [0x00000000a1400000,0x00000000a1c963b0,0x00000000a3980000)
 Metaspace       used 22683K, capacity 23148K, committed 23296K, reserved 1069056K
  class space    used 2807K, capacity 2962K, committed 3072K, reserved 1048576K
}
Event: 47.855 GC heap before
{Heap before GC invocations=7 (full 1):
 PSYoungGen      total 28160K, used 28128K [0x00000000e0700000, 0x00000000e3280000, 0x0000000100000000)
  eden space 24064K, 100% used [0x00000000e0700000,0x00000000e1e80000,0x00000000e1e80000)
  from space 4096K, 99% used [0x00000000e1f00000,0x00000000e22f83c0,0x00000000e2300000)
  to   space 10240K, 0% used [0x00000000e2880000,0x00000000e2880000,0x00000000e3280000)
 ParOldGen       total 38400K, used 8792K [0x00000000a1400000, 0x00000000a3980000, 0x00000000e0700000)
  object space 38400K, 22% used [0x00000000a1400000,0x00000000a1c963b0,0x00000000a3980000)
 Metaspace       used 26909K, capacity 27424K, committed 27648K, reserved 1073152K
  class space    used 3323K, capacity 3479K, committed 3584K, reserved 1048576K
Event: 47.883 GC heap after
Heap after GC invocations=7 (full 1):
 PSYoungGen      total 34304K, used 10227K [0x00000000e0700000, 0x00000000e3280000, 0x0000000100000000)
  eden space 24064K, 0% used [0x00000000e0700000,0x00000000e0700000,0x00000000e1e80000)
  from space 10240K, 99% used [0x00000000e2880000,0x00000000e327cf08,0x00000000e3280000)
  to   space 4096K, 0% used [0x00000000e1f00000,0x00000000e1f00000,0x00000000e2300000)
 ParOldGen       total 38400K, used 9099K [0x00000000a1400000, 0x00000000a3980000, 0x00000000e0700000)
  object space 38400K, 23% used [0x00000000a1400000,0x00000000a1ce2df0,0x00000000a3980000)
 Metaspace       used 26909K, capacity 27424K, committed 27648K, reserved 1073152K
  class space    used 3323K, capacity 3479K, committed 3584K, reserved 1048576K
}

